<?xml version="1.0" encoding="UTF-8"?>
<!-- Generated by org.testng.reporters.JUnitReportReporter -->
<testsuite hostname="ORO-PC005" name="com.faber.test.TestNG" tests="1" failures="0" timestamp="27 Jan 2016 08:17:24 GMT" time="1.478" errors="0">
  <testcase name="testNG" time="1.478" classname="com.faber.test.TestNG"/>
</testsuite> <!-- com.faber.test.TestNG -->
